Jun-28 13:15:58.205 [main] DEBUG nextflow.cli.Launcher - $> /Users/linudz/anaconda2/envs/fabioenv/bin/nextflow ltrgeek.nf -c default_config.cfg
Jun-28 13:15:58.355 [main] INFO  nextflow.cli.CmdRun - N E X T F L O W  ~  version 0.29.0
Jun-28 13:15:58.376 [main] INFO  nextflow.cli.CmdRun - Launching `ltrgeek.nf` [loving_venter] - revision: a6da338846
Jun-28 13:15:58.405 [main] DEBUG nextflow.config.ConfigBuilder - User config file: default_config.cfg
Jun-28 13:15:58.408 [main] DEBUG nextflow.config.ConfigBuilder - Parsing config file: /Users/linudz/WorkFlows/LTRGeek/ltrgeek/default_config.cfg
Jun-28 13:15:58.466 [main] DEBUG nextflow.config.ConfigBuilder - Applying config profile: `standard`
Jun-28 13:15:58.950 [main] DEBUG nextflow.Session - Session uuid: b892d9df-4a38-4ad1-a775-9087ca10231b
Jun-28 13:15:58.950 [main] DEBUG nextflow.Session - Run name: loving_venter
Jun-28 13:15:58.951 [main] DEBUG nextflow.Session - Executor pool size: 4
Jun-28 13:15:58.992 [main] DEBUG nextflow.cli.CmdRun - 
  Version: 0.29.0 build 4803
  Modified: 24-04-2018 08:09 UTC (04:09 EDT)
  System: Mac OS X 10.13.5
  Runtime: Groovy 2.4.15 on OpenJDK 64-Bit Server VM 1.8.0_121-b15
  Encoding: UTF-8 (UTF-8)
  Process: 57247@fabios-mbp.cshl.edu [143.48.49.91]
  CPUs: 4 - Mem: 8 GB (19.9 MB) - Swap: 4 GB (1.2 GB)
Jun-28 13:15:59.001 [main] DEBUG nextflow.Session - Work-dir: /Users/linudz/WorkFlows/LTRGeek/ltrgeek/work [Mac OS X]
Jun-28 13:15:59.001 [main] DEBUG nextflow.Session - Script base path does not exist or is not a directory: /Users/linudz/WorkFlows/LTRGeek/ltrgeek/bin
Jun-28 13:15:59.180 [main] DEBUG nextflow.Session - Session start invoked
Jun-28 13:15:59.185 [main] DEBUG nextflow.processor.TaskDispatcher - Dispatcher > start
Jun-28 13:15:59.186 [main] DEBUG nextflow.script.ScriptRunner - > Script parsing
Jun-28 13:15:59.340 [main] DEBUG nextflow.script.ScriptRunner - > Launching execution
Jun-28 13:15:59.433 [main] DEBUG nextflow.processor.ProcessFactory - << taskConfig executor: null
Jun-28 13:15:59.433 [main] DEBUG nextflow.processor.ProcessFactory - >> processorType: 'local'
Jun-28 13:15:59.441 [main] DEBUG nextflow.executor.Executor - Initializing executor: local
Jun-28 13:15:59.443 [main] INFO  nextflow.executor.Executor - [warm up] executor > local
Jun-28 13:15:59.449 [main] DEBUG n.processor.LocalPollingMonitor - Creating local task monitor for executor 'local' > cpus=4; memory=8 GB; capacity=4; pollInterval=100ms; dumpInterval=5m
Jun-28 13:15:59.453 [main] DEBUG nextflow.processor.TaskDispatcher - Starting monitor: LocalPollingMonitor
Jun-28 13:15:59.454 [main] DEBUG n.processor.TaskPollingMonitor - >>> barrier register (monitor: local)
Jun-28 13:15:59.494 [main] DEBUG nextflow.executor.Executor - Invoke register for executor: local
Jun-28 13:15:59.583 [main] DEBUG nextflow.Session - >>> barrier register (process: harvestlaunch)
Jun-28 13:15:59.590 [main] DEBUG nextflow.processor.TaskProcessor - Creating operator > harvestlaunch -- maxForks: 4
Jun-28 13:15:59.633 [main] DEBUG nextflow.script.ScriptRunner - > Await termination 
Jun-28 13:15:59.633 [main] DEBUG nextflow.Session - Session await
Jun-28 13:15:59.786 [Task submitter] DEBUG nextflow.executor.LocalTaskHandler - Launch cmd line: /bin/bash -ue .command.run
Jun-28 13:15:59.794 [Task submitter] INFO  nextflow.Session - [d5/e92591] Submitted process > harvestlaunch
Jun-28 13:16:00.745 [Task monitor] DEBUG n.processor.TaskPollingMonitor - Task completed > TaskHandler[id: 1; name: harvestlaunch; status: COMPLETED; exit: 0; error: -; workDir: /Users/linudz/WorkFlows/LTRGeek/ltrgeek/work/d5/e92591d3cc80de90530d7236ec30a4]
Jun-28 13:16:00.764 [Actor Thread 2] DEBUG nextflow.Session - <<< barrier arrive (process: harvestlaunch)
Jun-28 13:16:00.765 [main] DEBUG nextflow.Session - Session await > all process finished
Jun-28 13:16:00.840 [Task monitor] DEBUG n.processor.TaskPollingMonitor - <<< barrier arrives (monitor: local)
Jun-28 13:16:00.840 [main] DEBUG nextflow.Session - Session await > all barriers passed
Jun-28 13:16:00.866 [main] DEBUG nextflow.trace.StatsObserver - Workflow completed > WorkflowStats[succeedCount=1; failedCount=0; ignoredCount=0; cachedCount=0; succeedDuration=644ms; failedDuration=0ms; cachedDuration=0ms]
Jun-28 13:16:00.884 [main] DEBUG nextflow.CacheDB - Closing CacheDB done
Jun-28 13:16:00.901 [main] DEBUG nextflow.script.ScriptRunner - > Execution complete -- Goodbye
